<frozen runpy>:128: RuntimeWarning: 'transform_emr.diagnose' found in sys.modules after import of package 'transform_emr', but prior to execution of 'transform_emr.diagnose'; this may result in unpredictable behaviour
[Diag] Loading validation data...
[DataProcessor] Applied temporal filter: WHERE Value NOT LIKE '%Steady%' | rows 579216 -> 472345
[DataProcessor] Applied temporal filter: WHERE ConceptName NOT LIKE '%_PATTERN%' | rows 472345 -> 447236
[Warning][EMRDataset] Unknown Concept values found (count=3) — mapping to [MASK]:
  - NERVOUS_SYSTEM_DISORDER_EVENT
  - SKIN_ULCER_EVENT
  - ATHEROSCLEROSIS_EVENT
[Warning][EMRDataset] Unknown ValueToken values found (count=23) — mapping to [MASK]:
  - POTASSIUM_MEASURE_STATE_Moderate Hypokalemia
  - NEUTROPHILS_MEASURE_TREND_Decreasing
  - BODY_TEMPERATURE_MEASURE_STATE_Severe Hypothermia
  - PLT_MEASURE_STATE_Severe Thrombocytosis
  - PH_MEASURE_STATE_Severe Alkalosis
  - NERVOUS_SYSTEM_DISORDER_EVENT
  - CREATININE_SERUM_MEASURE_STATE_Very High
  - ALANINE-AMINOTRANSFERASE_MEASURE_TREND_Increasing
  - CREATINE-KINASE_MEASURE_STATE_Severe Elevation
  - SKIN_ULCER_EVENT
[Warning][EMRDataset] Unknown PositionToken values found (count=42) — mapping to [MASK]:
  - POTASSIUM_MEASURE_STATE_Moderate Hypokalemia_START
  - POTASSIUM_MEASURE_STATE_Moderate Hypokalemia_END
  - NEUTROPHILS_MEASURE_TREND_Decreasing_START
  - NEUTROPHILS_MEASURE_TREND_Decreasing_END
  - BODY_TEMPERATURE_MEASURE_STATE_Severe Hypothermia_START
  - BODY_TEMPERATURE_MEASURE_STATE_Severe Hypothermia_END
  - PLT_MEASURE_STATE_Severe Thrombocytosis_START
  - PLT_MEASURE_STATE_Severe Thrombocytosis_END
  - PH_MEASURE_STATE_Severe Alkalosis_START
  - PH_MEASURE_STATE_Severe Alkalosis_END
[Diag] Loading checkpoints...
[GPT] Outcomes not in tokenizer vocab (ignored): ['ATHEROSCLEROSIS_EVENT', 'DIABETIC_COMA_EVENT', 'NERVOUS_SYSTEM_DISORDER_EVENT', 'OTHER_COMPLICATION_EVENT', 'SKIN_ULCER_EVENT']
[GPT]: Total params: 20.78 M
[Diag] Using Phase-3 checkpoint (outcome head fine-tuned — matches evaluation.py).
/usr/local/lib/python3.11/dist-packages/torch/utils/checkpoint.py:295: FutureWarning: `torch.cpu.amp.autocast(args...)` is deprecated. Please use `torch.amp.autocast('cpu', args...)` instead.
  with torch.enable_grad(), device_autocast_ctx, torch.cpu.amp.autocast(**ctx.cpu_autocast_kwargs):  # type: ignore[attr-defined]

==========================================================================================
REPORT 1 - PER-OUTCOME AUROC BREAKDOWN (48h eval window, teacher-forced LM logits)
==========================================================================================
  NOTE: Uses teacher-forced LM logits — scores are systematically higher than
  evaluation.py's generation-based AUROC. Use for within-run ranking and trend
  analysis, not as a direct comparison to the summary outcome_auroc.
Outcome                                 AUROC  PosRate%    nPos      Sep
---------------------------------------------------------------------------
DISGLYCEMIA_EVENT_Hyperglycemia        0.9187   30.915%   53280   2.7579 >>>
DISGLYCEMIA_EVENT_Hypoglycemia         0.8334    3.503%    6037   1.4424 >>>
KIDNEY_COMPLICATION_EVENT              0.8021   14.081%   24267   1.3321 >>>
ACUTE_RESPIRATORY_DISORDER_EVENT       NO POS    0.000%
INFECTION_EVENT                        NO POS    0.000%
CARDIO-VASCULAR_DISORDER_EVENT         0.9180    2.779%    4789   2.3257 >>>
NEUROVASCULAR_COMPLICATION_EVENT       NO POS    0.000%
RETINOPATHY_EVENT                      NO POS    0.000%
HYPEROSMOLALITY_EVENT                  NO POS    0.000%
KETOACIDOSIS_EVENT                     NO POS    0.000%
ACIDOSIS_EVENT                         NO POS    0.000%
---------------------------------------------------------------------------
MEAN OUTCOME AUROC                     0.8680

LM head vs Outcome head
Outcome                                    LM    Head  Winner
------------------------------------------------------------
DISGLYCEMIA_EVENT_Hyperglycemia        0.9187  0.6684  lm >>>
DISGLYCEMIA_EVENT_Hypoglycemia         0.8334  0.8050  lm >>>
KIDNEY_COMPLICATION_EVENT              0.8021  0.6734  lm >>>
CARDIO-VASCULAR_DISORDER_EVENT         0.9180  0.6359  lm >>>

==========================================================================================
REPORT 2 - LOGIT CALIBRATION (all outcomes combined)
==========================================================================================
Total positions : 1,895,784
Positive rate   : 4.662%
Overall AUROC   : 0.9689
Logit[pos] mean : -0.5545  std: 1.3079
Logit[neg] mean : -5.7679  std: 2.2889
Separation      : 5.2134
Sigmoid[pos]    : 0.3648
Sigmoid[neg]    : 0.0031

==========================================================================================
REPORT 3 - TEMPORAL COVERAGE  (BCE=12h  EVAL=48h)
==========================================================================================
BCE  window (12h):  93.8% with >=1 positive (mean 44.87)
Eval window (48h):  97.9% with >=1 positive (mean 144.25)

==========================================================================================
REPORT 4 - AUX LOSS LAMBDA CALIBRATION (actual trained values from checkpoint)
==========================================================================================
  aux             lambda_max    anchor_bce    anchor_aux   bce/aux     cap
  ------------------------------------------------------------------------
  ce                0.116264      0.156014      0.670944    0.2325     0.5
  dt                0.097975      0.156014      0.796188    0.1960     0.5
  ranking           0.020243      0.022914      0.226382    0.1012     0.2

  Warmup completed at epoch: 35
  Current curriculum stage: 1

==========================================================================================
REPORT 5 - TOKEN GRADIENT UTILITY (outcome + top/bottom tokens)
==========================================================================================
Token                                       occ    grad/occ    rank
-----------------------------------------------------------------
DISGLYCEMIA_EVENT_Hyperglycemia             386  2.2843e-08     260 << LOW SIGNAL
DISGLYCEMIA_EVENT_Hypoglycemia               21  3.3454e-07      96
KIDNEY_COMPLICATION_EVENT                    87  3.4632e-07      92
ACUTE_RESPIRATORY_DISORDER_EVENT              8  6.2735e-08     205 << LOW SIGNAL
INFECTION_EVENT                               7  8.2138e-09     307 << LOW SIGNAL
CARDIO-VASCULAR_DISORDER_EVENT               64  1.2798e-07     168
NEUROVASCULAR_COMPLICATION_EVENT              1  1.5378e-09     347 << LOW SIGNAL
RETINOPATHY_EVENT                             2  3.2849e-09     328 << LOW SIGNAL
HYPEROSMOLALITY_EVENT                         4  1.0973e-08     297 << LOW SIGNAL
KETOACIDOSIS_EVENT                            4  6.0351e-08     207 << LOW SIGNAL
ACIDOSIS_EVENT                               12  3.8871e-08     232 << LOW SIGNAL

Top 10 tokens by grad/occ:
  BASAL_BITZUA_STATE_SubCutaneous Medium_START  6.0609e-06
  BOLUS_BITZUA_STATE_SubCutaneous Medium_START  5.6673e-06
  INSULIN_BITZUA_STATE_IntraVenous High_START   5.5317e-06
  BOLUS_BITZUA_STATE_SubCutaneous Low_START     5.3893e-06
  BOLUS_BITZUA_STATE_SubCutaneous High_START    3.5149e-06
  BLOOD_PRESSURE_DIASTOLIC_MEASURE_STATE_Severe HTN_START 3.4185e-06
  BASAL_BITZUA_STATE_SubCutaneous High_START    3.2482e-06
  PH_MEASURE_TREND_nan_START                    2.8568e-06
  BASAL_BITZUA_STATE_SubCutaneous Medium_END    2.5971e-06
  POTASSIUM_MEASURE_STATE_Moderate Hyperkalemia_START 2.4602e-06
Bottom 10 tokens by grad/occ:
  HEART_RATE_MEASURE_STATE_Bradycardia_END      7.1511e-11
  NEUTROPHILS_MEASURE_STATE_Severe Neutrophilia_START 3.5101e-11
  HEMOGLOBIN_MEASURE_TREND_nan_START            2.3396e-11
  BMI_MEASURE_ON_ADMISSION_Partial              1.9288e-11
  ASPARATE-AMINOTRANSFERASE_MEASURE_STATE_Massive Elevation_START 1.2392e-11
  NEUTROPHILS_MEASURE_TREND_Increasing_START    2.4046e-12
  NEUTROPHILS_MEASURE_STATE_Severe Neutrophilia_END 0.0000e+00
  NEUTROPHILS_MEASURE_TREND_Increasing_END      0.0000e+00
  ASPARATE-AMINOTRANSFERASE_MEASURE_STATE_Massive Elevation_END 0.0000e+00
  [PAD]                                         0.0000e+00

==========================================================================================
REPORT 6 - CONTEXT VECTOR INFLUENCE
==========================================================================================
BCE (normal ctx)  : 216.868459
BCE (zeroed ctx)  : 217.803543   delta=+0.935084
BCE (shuffled ctx): 218.368088   delta=+1.499629

==========================================================================================
REPORT 7 - EMBEDDER LINEAR PROBE (frozen Phase-1)
==========================================================================================
3-fold CV ROC-AUC from embedder alone: 0.6202

==========================================================================================
REPORT 8 - VOCAB HEALTH (frequent-noisy / rare-unlearned)
==========================================================================================

[Frequent but noisy]

[Rare and under-learned]
[PAD]                                         occ=0      conf=0.000 top1=0.000 nextH=0.00 freq=0
[MASK]                                        occ=154    conf=0.000 top1=0.000 nextH=0.90 freq=0
HYPERTONIC-SALINE_BITZUA_EVENT                occ=0      conf=0.000 top1=0.000 nextH=0.00 freq=1
NEUROVASCULAR_COMPLICATION_EVENT              occ=0      conf=0.000 top1=0.000 nextH=0.00 freq=1
CREATINE-KINASE_MEASURE_TREND_Increasing_START occ=2      conf=0.000 top1=0.000 nextH=0.99 freq=1
TROPONIN_MEASURE_STATE_Moderately Elevated_START occ=5      conf=0.000 top1=0.000 nextH=0.99 freq=1
HEMOGLOBIN_MEASURE_STATE_Polycythemia_START   occ=5      conf=0.000 top1=0.000 nextH=0.97 freq=1
BOLUS_BITZUA_STATE_SubCutaneous High_START    occ=5      conf=0.000 top1=0.000 nextH=0.96 freq=1
PLT_MEASURE_TREND_nan_START                   occ=2      conf=0.000 top1=0.000 nextH=0.98 freq=1
HEMATOCRIT_MEASURE_TREND_nan_START            occ=5      conf=0.000 top1=0.000 nextH=0.96 freq=1
BMI_MEASURE_ON_ADMISSION_Partial              occ=2      conf=0.000 top1=0.000 nextH=0.99 freq=1
HEMOGLOBIN_MEASURE_TREND_nan_START            occ=2      conf=0.000 top1=0.000 nextH=0.99 freq=1
INFECTION_WBC_MEASURE_TREND_nan_START         occ=5      conf=0.000 top1=0.000 nextH=0.96 freq=1
PH_MEASURE_STATE_Moderate Acidosis_START      occ=8      conf=0.000 top1=0.000 nextH=0.93 freq=1
HYPEROSMOLALITY_EVENT                         occ=5      conf=0.000 top1=0.000 nextH=0.97 freq=1
BASAL_BITZUA_STATE_SubCutaneous High_START    occ=5      conf=0.000 top1=0.000 nextH=0.97 freq=1
TROPONIN_MEASURE_TREND_Increasing_START       occ=4      conf=0.000 top1=0.000 nextH=0.96 freq=1
KETOACIDOSIS_EVENT                            occ=2      conf=0.000 top1=0.000 nextH=0.98 freq=1
HEMOGLOBIN_MEASURE_STATE_Critical Anemia_START occ=9      conf=0.000 top1=0.000 nextH=0.98 freq=1
RETINOPATHY_EVENT                             occ=1      conf=0.000 top1=0.000 nextH=1.00 freq=1

==========================================================================================
PROBE - Δt HEAD
==========================================================================================
  positions   : 28,688
  pred Δt (h) : mean=0.748  std=1.637
  true Δt (h) : mean=0.418  std=2.875
  Pearson r   : 0.4083
  R²          : 0.1275
  per-patient pred Δt std (h): mean=1.576  p10=0.655

==========================================================================================
PROBE - OUTCOME HEAD LABEL ALIGNMENT (eval window=48.0h)
==========================================================================================
                         outcome  n_pos  n_neg  mean_logit_pos  mean_logit_neg    gap  auroc  flip
       KIDNEY_COMPLICATION_EVENT   6242  22988         -1.8395         -4.2268 2.3873 0.8114 False
                   RELEASE_EVENT   2565  26665         -3.8190         -6.9693 3.1503 0.9006 False
  DISGLYCEMIA_EVENT_Hypoglycemia   1438  27792         -0.8797         -4.0404 3.1607 0.9151 False
 DISGLYCEMIA_EVENT_Hyperglycemia   8098  21132          0.7016         -4.9280 5.6296 0.9328 False
                     DEATH_EVENT    797  28433         -0.7081         -6.7835 6.0754 0.9393 False
  CARDIO-VASCULAR_DISORDER_EVENT    390  28840         -1.4454         -8.0102 6.5648 0.9729 False
                  ACIDOSIS_EVENT      0  29230             NaN             NaN    NaN    NaN False
ACUTE_RESPIRATORY_DISORDER_EVENT      0  29230             NaN             NaN    NaN    NaN False
           HYPEROSMOLALITY_EVENT      0  29230             NaN             NaN    NaN    NaN False
                 INFECTION_EVENT      0  29230             NaN             NaN    NaN    NaN False
              KETOACIDOSIS_EVENT      0  29230             NaN             NaN    NaN    NaN False
NEUROVASCULAR_COMPLICATION_EVENT      0  29230             NaN             NaN    NaN    NaN False
               RETINOPATHY_EVENT      0  29230             NaN             NaN    NaN    NaN False

==========================================================================================
PROBE - OUTCOME HEAD LOGIT DISTRIBUTION
==========================================================================================
                         outcome    mean   std     p50     p99  abs_max
NEUROVASCULAR_COMPLICATION_EVENT -26.589 4.536 -26.578 -16.568   45.208
           HYPEROSMOLALITY_EVENT -26.521 4.427 -26.528 -16.571   44.469
                  ACIDOSIS_EVENT -26.530 4.363 -26.552 -16.421   44.432
              KETOACIDOSIS_EVENT -26.438 4.339 -26.451 -16.446   44.242
ACUTE_RESPIRATORY_DISORDER_EVENT -26.256 4.334 -26.244 -16.540   44.091
               RETINOPATHY_EVENT -26.471 4.252 -26.528 -16.638   43.579
                 INFECTION_EVENT -26.121 4.169 -26.131 -16.600   42.932
                     DEATH_EVENT  -6.770 3.851  -6.892   1.237   19.718
 DISGLYCEMIA_EVENT_Hyperglycemia  -2.813 3.671  -3.064   4.684   18.969
  CARDIO-VASCULAR_DISORDER_EVENT  -8.033 2.905  -8.229  -1.514   21.984
                   RELEASE_EVENT  -6.896 2.853  -6.423  -2.536   24.173
  DISGLYCEMIA_EVENT_Hypoglycemia  -4.077 2.296  -3.989   0.654   20.726
       KIDNEY_COMPLICATION_EVENT  -3.997 2.034  -4.144   0.867   17.642

[probe_outcome_lm_coupling] outcome_to_lm not present in model — skipping.

[Diag] Done.
