<frozen runpy>:128: RuntimeWarning: 'transform_emr.diagnose' found in sys.modules after import of package 'transform_emr', but prior to execution of 'transform_emr.diagnose'; this may result in unpredictable behaviour
[Diag] Loading validation data...
[DataProcessor] Applied temporal filter: WHERE Value NOT LIKE '%Steady%' | rows 438399 -> 373618
[DataProcessor] Applied temporal filter: WHERE ConceptName NOT LIKE '%_PATTERN%' | rows 373618 -> 345861
[Warning][EMRDataset] Unknown Concept values found (count=4) — mapping to [MASK]:
  - ANTIDIABETIC_BITZUA_EVENT
  - ATHEROSCLEROSIS_EVENT
  - HYPERTONIC-SALINE_BITZUA_EVENT
  - OTHER_COMPLICATION_EVENT
[Warning][EMRDataset] Unknown ValueToken values found (count=22) — mapping to [MASK]:
  - CREATINE-KINASE_MEASURE_STATE_Severe Elevation
  - SODIUM_MEASURE_STATE_Moderate Hypernatremia
  - ALANINE-AMINOTRANSFERASE_MEASURE_TREND_Increasing
  - CREATINE-KINASE_MEASURE_STATE_Rhabdomyolysis
  - ANTIDIABETIC_BITZUA_EVENT
  - HEMATOCRIT_MEASURE_STATE_Hemoconcentration
  - HEMOGLOBIN_MEASURE_STATE_Polycythemia
  - TROPONIN_MEASURE_TREND_Decreasing
  - STEROIDS_BITZUA_EVENT_PO
  - INFECTION_WBC_MEASURE_STATE_Severe Leukopenia
[Warning][EMRDataset] Unknown PositionToken values found (count=39) — mapping to [MASK]:
  - CREATINE-KINASE_MEASURE_STATE_Severe Elevation_START
  - CREATINE-KINASE_MEASURE_STATE_Severe Elevation_END
  - SODIUM_MEASURE_STATE_Moderate Hypernatremia_START
  - ALANINE-AMINOTRANSFERASE_MEASURE_TREND_Increasing_START
  - SODIUM_MEASURE_STATE_Moderate Hypernatremia_END
  - ALANINE-AMINOTRANSFERASE_MEASURE_TREND_Increasing_END
  - CREATINE-KINASE_MEASURE_STATE_Rhabdomyolysis_START
  - CREATINE-KINASE_MEASURE_STATE_Rhabdomyolysis_END
  - ANTIDIABETIC_BITZUA_EVENT
  - HEMATOCRIT_MEASURE_STATE_Hemoconcentration_START
[Diag] Loading checkpoints...
[GPT] Outcomes not in tokenizer vocab (ignored): ['ATHEROSCLEROSIS_EVENT', 'DIABETIC_COMA_EVENT', 'OTHER_COMPLICATION_EVENT']
[GPT]: Total params: 6.38 M
[GPT.load] Ignoring stale Task-A keys: ['_outcome_lm_ids', 'outcome_to_lm.bias', 'outcome_to_lm.weight']
[Diag] Using Phase-3 checkpoint (outcome head fine-tuned — matches evaluation.py).
/usr/local/lib/python3.11/dist-packages/torch/utils/checkpoint.py:295: FutureWarning: `torch.cpu.amp.autocast(args...)` is deprecated. Please use `torch.amp.autocast('cpu', args...)` instead.
  with torch.enable_grad(), device_autocast_ctx, torch.cpu.amp.autocast(**ctx.cpu_autocast_kwargs):  # type: ignore[attr-defined]

==========================================================================================
REPORT 1 - PER-OUTCOME AUROC BREAKDOWN (48h eval window, teacher-forced LM logits)
==========================================================================================
  NOTE: Uses teacher-forced LM logits — scores are systematically higher than
  evaluation.py's generation-based AUROC. Use for within-run ranking and trend
  analysis, not as a direct comparison to the summary outcome_auroc.
Outcome                                 AUROC  PosRate%    nPos      Sep
---------------------------------------------------------------------------
DISGLYCEMIA_EVENT_Hyperglycemia        0.8015   18.573%   24241   2.5795 >>>
DISGLYCEMIA_EVENT_Hypoglycemia         0.7876    3.744%    4887   1.3500 >>>
KIDNEY_COMPLICATION_EVENT              0.8028   20.458%   26702   1.7675 >>>
ACUTE_RESPIRATORY_DISORDER_EVENT       NO POS    0.000%
INFECTION_EVENT                        NO POS    0.000%
CARDIO-VASCULAR_DISORDER_EVENT         0.8520    3.942%    5145   3.2984 >>>
NERVOUS_SYSTEM_DISORDER_EVENT          NO POS    0.000%
NEUROVASCULAR_COMPLICATION_EVENT       NO POS    0.000%
SKIN_ULCER_EVENT                       NO POS    0.000%
RETINOPATHY_EVENT                      NO POS    0.000%
HYPEROSMOLALITY_EVENT                  NO POS    0.000%
KETOACIDOSIS_EVENT                     NO POS    0.000%
ACIDOSIS_EVENT                         NO POS    0.000%
---------------------------------------------------------------------------
MEAN OUTCOME AUROC                     0.8110

LM head vs Outcome head
Outcome                                    LM    Head  Winner
------------------------------------------------------------
DISGLYCEMIA_EVENT_Hyperglycemia        0.8015  0.6696  lm >>>
DISGLYCEMIA_EVENT_Hypoglycemia         0.7876  0.7395  lm >>>
KIDNEY_COMPLICATION_EVENT              0.8028  0.6777  lm >>>
CARDIO-VASCULAR_DISORDER_EVENT         0.8520  0.5967  lm >>>

==========================================================================================
REPORT 2 - LOGIT CALIBRATION (all outcomes combined)
==========================================================================================
Total positions : 1,696,747
Positive rate   : 3.594%
Overall AUROC   : 0.9497
Logit[pos] mean : 1.4253  std: 2.0505
Logit[neg] mean : -3.5386  std: 1.9772
Separation      : 4.9639
Sigmoid[pos]    : 0.8062
Sigmoid[neg]    : 0.0282

==========================================================================================
REPORT 3 - TEMPORAL COVERAGE  (BCE=12h  EVAL=48h)
==========================================================================================
BCE  window (12h):  84.5% with >=1 positive (mean 13.70)
Eval window (48h):  97.6% with >=1 positive (mean 56.12)

==========================================================================================
REPORT 4 - AUX LOSS LAMBDA CALIBRATION (actual trained values from checkpoint)
==========================================================================================
  aux             lambda_max    anchor_bce    anchor_aux   bce/aux     cap
  ------------------------------------------------------------------------
  ce                0.004879      0.030504      3.125809    0.0098     0.5
  dt                0.018872      0.030504      0.808184    0.0377     0.5
  outcome           0.017231      0.017490     10.150225    0.0017    10.0

  Warmup completed at epoch: 41
  Current curriculum stage: 1

==========================================================================================
REPORT 5 - TOKEN GRADIENT UTILITY (outcome + top/bottom tokens)
==========================================================================================
Token                                       occ    grad/occ    rank
-----------------------------------------------------------------
DISGLYCEMIA_EVENT_Hyperglycemia             182  2.7108e-08      79
DISGLYCEMIA_EVENT_Hypoglycemia                6  1.1423e-07      40
KIDNEY_COMPLICATION_EVENT                   147  8.0451e-08      49
ACUTE_RESPIRATORY_DISORDER_EVENT             16  1.1922e-08     112
INFECTION_EVENT                               9  1.9529e-08      92
CARDIO-VASCULAR_DISORDER_EVENT              102  2.6630e-08      81
NERVOUS_SYSTEM_DISORDER_EVENT                 3  2.5324e-09     198 << LOW SIGNAL
NEUROVASCULAR_COMPLICATION_EVENT              2  4.6019e-09     162 << LOW SIGNAL
SKIN_ULCER_EVENT                              3  4.7615e-08      60
RETINOPATHY_EVENT                             0  4.1761e-09     168 << LOW SIGNAL
HYPEROSMOLALITY_EVENT                         2  6.3490e-09     148
KETOACIDOSIS_EVENT                            1  5.7773e-09     151 << LOW SIGNAL
ACIDOSIS_EVENT                                2  9.2675e-09     129

Top 10 tokens by grad/occ:
  GLUCOSE_MEASURE_STATE_Severe Hypoglycemia_START 1.3794e-06
  NEUTROPHILS_MEASURE_TREND_Increasing_START    9.0299e-07
  ALANINE-AMINOTRANSFERASE_MEASURE_TREND_Decreasing_START 7.3838e-07
  CREATINE-KINASE_MEASURE_TREND_Increasing_START 7.3354e-07
  TROPONIN_MEASURE_STATE_Highly Elevated_START  7.2377e-07
  TROPONIN_MEASURE_STATE_Normal_START           6.5704e-07
  CREATINE-KINASE_MEASURE_TREND_Decreasing_START 6.0554e-07
  K-BINDER_BITZUA_EVENT                         5.3689e-07
  HEMOGLOBIN_MEASURE_STATE_Critical Anemia_START 4.1732e-07
  TROPONIN_MEASURE_TREND_nan_START              3.8819e-07
Bottom 10 tokens by grad/occ:
  INFECTION_WBC_MEASURE_STATE_Extreme Leukocytosis_END 2.6625e-10
  HEMOGLOBIN_MEASURE_TREND_nan_END              2.5192e-10
  SODIUM_MEASURE_STATE_Severe Hyponatremia_END  2.3002e-10
  POTASSIUM_MEASURE_STATE_Moderate Hypokalemia_END 2.0992e-10
  LOW_GLUCOSE_CONTEXT_END                       2.0922e-10
  HEMATOCRIT_MEASURE_TREND_nan_END              1.8275e-10
  GLUCOSE_MEASURE_STATE_Severe Hypoglycemia_END 1.5874e-10
  POTASSIUM_MEASURE_STATE_Severe Hyperkalemia_END 4.3905e-11
  BOLUS_BITZUA_STATE_SubCutaneous Medium_END    2.7556e-11
  [PAD]                                         0.0000e+00

==========================================================================================
REPORT 6 - CONTEXT VECTOR INFLUENCE
==========================================================================================
BCE (normal ctx)  : 303.633352
BCE (zeroed ctx)  : 311.952952   delta=+8.319600
BCE (shuffled ctx): 305.862915   delta=+2.229563

==========================================================================================
REPORT 7 - EMBEDDER LINEAR PROBE (frozen Phase-1)
==========================================================================================
3-fold CV ROC-AUC from embedder alone: 0.6251

==========================================================================================
REPORT 8 - VOCAB HEALTH (frequent-noisy / rare-unlearned)
==========================================================================================

[Frequent but noisy]

[Rare and under-learned]
[PAD]                                         occ=0      conf=0.000 top1=0.000 nextH=0.00 freq=0
[MASK]                                        occ=95     conf=0.000 top1=0.000 nextH=0.92 freq=0
KETOACIDOSIS_EVENT                            occ=0      conf=0.000 top1=0.000 nextH=0.00 freq=1
SODIUM_MEASURE_STATE_Severe Hyponatremia_START occ=4      conf=0.000 top1=0.000 nextH=0.96 freq=1
PH_MEASURE_STATE_Severe Acidosis_START        occ=2      conf=0.000 top1=0.000 nextH=0.99 freq=1
HEMOGLOBIN_MEASURE_TREND_nan_START            occ=1      conf=0.001 top1=0.000 nextH=0.95 freq=1
PLT_MEASURE_TREND_nan_END                     occ=1      conf=0.001 top1=0.000 nextH=1.00 freq=1
PLT_MEASURE_STATE_Severe Thrombocytopenia_START occ=8      conf=0.001 top1=0.000 nextH=0.95 freq=1
INFECTION_WBC_MEASURE_STATE_Extreme Leukocytosis_START occ=3      conf=0.002 top1=0.000 nextH=1.00 freq=1
HEMOGLOBIN_MEASURE_TREND_nan_END              occ=1      conf=0.002 top1=0.000 nextH=1.00 freq=1
CREATINE-KINASE_MEASURE_TREND_Decreasing_START occ=8      conf=0.003 top1=0.000 nextH=0.80 freq=1
PLT_MEASURE_TREND_nan_START                   occ=1      conf=0.003 top1=0.000 nextH=1.00 freq=1
ASPARATE-AMINOTRANSFERASE_MEASURE_STATE_Massive Elevation_START occ=2      conf=0.004 top1=0.000 nextH=0.92 freq=1
CREATINE-KINASE_MEASURE_TREND_Decreasing_END  occ=8      conf=0.023 top1=0.000 nextH=0.94 freq=1
SODIUM_MEASURE_STATE_Severe Hyponatremia_END  occ=4      conf=0.025 top1=0.000 nextH=0.99 freq=1
INSULIN_BITZUA_STATE_IntraVenous Low_START    occ=14     conf=0.039 top1=0.000 nextH=0.83 freq=1
ASPARATE-AMINOTRANSFERASE_MEASURE_STATE_Massive Elevation_END occ=2      conf=0.040 top1=0.000 nextH=1.00 freq=1
REACTIVE_INSULIN_BITZUA_CONTEXT_IV_START      occ=77     conf=0.040 top1=0.026 nextH=0.74 freq=1
PH_MEASURE_STATE_Severe Acidosis_END          occ=2      conf=0.046 top1=0.000 nextH=0.99 freq=1
REACTIVE_INSULIN_BITZUA_CONTEXT_IV_END        occ=77     conf=0.047 top1=0.013 nextH=0.72 freq=1

==========================================================================================
PROBE - Δt HEAD
==========================================================================================
  positions   : 27,029
  pred Δt (h) : mean=1.898  std=3.075
  true Δt (h) : mean=0.798  std=2.767
  Pearson r   : 0.4005
  R²          : -0.5030
  per-patient pred Δt std (h): mean=2.992  p10=1.946

==========================================================================================
PROBE - OUTCOME HEAD LABEL ALIGNMENT (eval window=48.0h)
==========================================================================================
                         outcome  n_pos  n_neg  mean_logit_pos  mean_logit_neg    gap  auroc  flip
  DISGLYCEMIA_EVENT_Hypoglycemia    592  17145         -1.9900         -4.3282 2.3382 0.8242 False
       KIDNEY_COMPLICATION_EVENT   4109  13628         -1.6635         -4.4391 2.7756 0.8961 False
 DISGLYCEMIA_EVENT_Hyperglycemia   2713  15024         -1.4243         -4.2887 2.8644 0.8677 False
                   RELEASE_EVENT   1786  15951         -5.2031         -8.3930 3.1899 0.8845 False
  CARDIO-VASCULAR_DISORDER_EVENT    513  17224         -3.8389         -7.4807 3.6418 0.8616 False
                     DEATH_EVENT    331  17406         -0.0374         -9.8125 9.7751 0.9979 False
                  ACIDOSIS_EVENT      0  17737             NaN             NaN    NaN    NaN False
ACUTE_RESPIRATORY_DISORDER_EVENT      0  17737             NaN             NaN    NaN    NaN False
           HYPEROSMOLALITY_EVENT      0  17737             NaN             NaN    NaN    NaN False
                 INFECTION_EVENT      0  17737             NaN             NaN    NaN    NaN False
              KETOACIDOSIS_EVENT      0  17737             NaN             NaN    NaN    NaN False
   NERVOUS_SYSTEM_DISORDER_EVENT      0  17737             NaN             NaN    NaN    NaN False
NEUROVASCULAR_COMPLICATION_EVENT      0  17737             NaN             NaN    NaN    NaN False
               RETINOPATHY_EVENT      0  17737             NaN             NaN    NaN    NaN False
                SKIN_ULCER_EVENT      0  17737             NaN             NaN    NaN    NaN False

==========================================================================================
PROBE - OUTCOME HEAD LOGIT DISTRIBUTION
==========================================================================================
                         outcome    mean   std     p50     p99  abs_max
NEUROVASCULAR_COMPLICATION_EVENT -26.880 4.780 -26.633 -17.651   45.076
ACUTE_RESPIRATORY_DISORDER_EVENT -26.919 4.779 -26.641 -17.558   45.417
           HYPEROSMOLALITY_EVENT -26.919 4.748 -26.682 -17.587   44.863
              KETOACIDOSIS_EVENT -26.715 4.740 -26.439 -17.448   44.658
               RETINOPATHY_EVENT -26.601 4.681 -26.327 -17.421   44.557
                SKIN_ULCER_EVENT -26.590 4.669 -26.347 -17.456   44.491
                 INFECTION_EVENT -26.478 4.639 -26.216 -17.515   44.277
                  ACIDOSIS_EVENT -26.240 4.569 -25.991 -17.293   43.774
   NERVOUS_SYSTEM_DISORDER_EVENT -26.159 4.519 -25.889 -17.440   43.754
                     DEATH_EVENT  -8.952 3.389  -9.913   0.801   15.981
 DISGLYCEMIA_EVENT_Hyperglycemia  -3.436 2.157  -3.494   1.416   10.297
  CARDIO-VASCULAR_DISORDER_EVENT  -7.608 2.086  -7.786  -1.845   13.148
                   RELEASE_EVENT  -8.157 2.030  -8.387  -3.498   14.111
       KIDNEY_COMPLICATION_EVENT  -3.751 1.836  -3.853   0.731    9.276
  DISGLYCEMIA_EVENT_Hypoglycemia  -4.074 1.801  -4.140   0.170   10.146

[probe_outcome_lm_coupling] outcome_to_lm not present in model — skipping.

[Diag] Done.
